<?xml version="1.0" encoding="UTF-8"?>
<!-- Generated by org.testng.reporters.JUnitReportReporter -->
<testsuite hostname="DESKTOP-CKA0VHJ" failures="0" tests="9" name="modul.tests.APITestCases" time="0.004" errors="0" timestamp="2023-11-09T17:14:29 WIB" skipped="0">
  <testcase classname="modul.tests.APITestCases" name="testNegativeCase" time="0.000"/>
  <system-out/>
  <testcase classname="modul.tests.APITestCases" name="testPositiveCase" time="0.000"/>
  <system-out/>
  <testcase classname="modul.tests.APITestCases" name="testNegativeCase" time="0.000"/>
  <system-out/>
  <testcase classname="modul.tests.APITestCases" name="testEdgeCase" time="0.003"/>
  <system-out/>
  <testcase classname="modul.tests.APITestCases" name="testPositiveCase" time="0.000"/>
  <system-out/>
  <testcase classname="modul.tests.APITestCases" name="testNegativeCase" time="0.000"/>
  <system-out/>
  <testcase classname="modul.tests.APITestCases" name="testEdgeCase" time="0.000"/>
  <system-out/>
  <testcase classname="modul.tests.APITestCases" name="testPositiveCase" time="0.000"/>
  <system-out/>
  <testcase classname="modul.tests.APITestCases" name="testEdgeCase" time="0.001"/>
  <system-out/>
</testsuite> <!-- modul.tests.APITestCases -->
